================================================================================
  Geo-OpenClaw Agent Session Log
  Session ID:    goc-20260428-1422-c8d2
  Timestamp:     2026-04-28 14:22:00 CST
  Duration:      00:08:15.431
  Total Tokens:  8,742,603
  Status:        SUCCESS (with 4 self-healing events)
================================================================================

[14:22:00.001] [Orchestrator] Session initialized
[14:22:00.005] [Orchestrator] Task received: "对全国第三次国土调查数据(三调)进行
  空间数据审计：检查所有图斑的拓扑一致性、属性完整性、面积平差闭合、跨省边界接边
  误差，生成审计报告并自动修正可修复的拓扑错误"

[14:22:00.020] [Orchestrator] Task complexity assessment:
  - Data type: National Land Survey (国土调查)
  - Estimated features: ~280 million patches (图斑)
  - Provinces: 34
  - Audit dimensions: 7 (topology, attributes, area closure, edge match,
                        CRS, encoding, completeness)
  - Estimated processing nodes: 41

────────────────────────────────────────────────────────────────────────────
  [Architect Agent] Complex Pipeline Design
────────────────────────────────────────────────────────────────────────────
[14:22:00.030] [Architect] Analyzing "三调数据审计" intent...
[14:22:00.035] [Architect] Recognized domain: LAND_SURVEY_AUDIT (国土调查审计)
[14:22:00.040] [Architect] Loading domain-specific knowledge graph...
[14:22:00.045] [Architect] Knowledge graph loaded: 127 rules, 43 constraints
[14:22:00.050] [Architect] Chain-of-Thought reasoning initiated...

  Step 1: Data ingestion
    - Each province ships as separate GDB (File Geodatabase)
    - Total data volume: ~1.2 TB across 34 GDBs
    - Required driver: OpenFileGDB (GDAL >= 3.8)

  Step 2: Schema harmonization
    - 34 provinces → 34 potentially different field naming conventions
    - Need to map: "DLMC"|"地类名称"|"DLMC_NAME" → unified "land_class_name"
    - Need to map: "TBMJ"|"图斑面积"|"TBMJ_MU" → unified "area_mu"

  Step 3: CRS unification
    - Some provinces use CGCS2000 (EPSG:4490), others use WGS84 (EPSG:4326)
    - Need to unify to CGCS2000 / EPSG:4490 for national standard

  Step 4: Topology audit
    - Rule 001: No gaps between adjacent patches
    - Rule 002: No overlaps within same land class
    - Rule 003: Boundary patches must align at province edges
    - Rule 004: Minimum area threshold: 400 m² (per GB/T 21010-2017)

  Step 5: Attribute audit
    - Rule 101: land_class_code ∈ valid_codes (73 classes)
    - Rule 102: area_mu = calculated_area (tolerance: ±0.5%)
    - Rule 103: admin_code matches spatial containment
    - Rule 104: NOT NULL constraint on: land_class, area, admin_code, survey_date

  Step 6: Cross-province edge matching
    - Identify patches along provincial borders
    - Check geometry alignment (tolerance: 0.01m)
    - Check attribute consistency for matching patches

  Step 7: Gap detection & closure
    - Scan for topological gaps > 1m²
    - Auto-close gaps < 100m² with "gap_fill" label
    - Flag gaps > 100m² for manual review

  Step 8: Statistical audit
    - Per-class area sum should equal total province area (±0.001%)
    - Per-county area sum should equal province total
    - Cross-check with published provincial land area statistics

  Step 9: Automated repair
    - Topology: snap vertices (0.05m tolerance), remove slivers
    - Attributes: auto-fill missing admin_code via spatial join
    - Geometry: buffer(0) for self-intersection fix

  Step 10: Report generation
    - Per-province audit score (0-100)
    - Error heat map by county
    - Trend analysis vs. previous survey (二调)

[14:22:00.350] [Architect] DAG design complete: 41 nodes
[14:22:00.355] [Architect] Estimated complexity: EXTREME
[14:22:00.358] [Architect] Token cost: 2,847,000 tokens

────────────────────────────────────────────────────────────────────────────
  [Environment Agent] Large-Scale Environment Preparation
────────────────────────────────────────────────────────────────────────────
[14:22:00.365] [Environment] Detected task scale: NATIONAL (1.2 TB)
[14:22:00.370] [Environment] Checking storage availability...
  - Working drive: D:/ (3.2 TB free) → SUFFICIENT
  - Temp drive:    C:/ (420 GB free) → SUFFICIENT
[14:22:00.380] [Environment] Memory check: 64 GB RAM available
[14:22:00.385] [Environment] Configuring GDAL for large dataset:
  - GDAL_CACHEMAX = 2048 (MB)
  - GDAL_NUM_THREADS = ALL_CPUS
  - VSI_CACHE = TRUE
  - VSI_CACHE_SIZE = 5000000
[14:22:00.400] [Environment] OpenFileGDB driver check: OK (GDAL 3.12.3)
[14:22:00.405] [Environment] Encoding detection:
  - Expected encodings: UTF-8, GB2312, GBK
  - All drivers support multi-encoding: PASS
[14:22:00.420] [Environment] Token cost: 845,000 tokens

────────────────────────────────────────────────────────────────────────────
  [Executor Agent] Execution with 4 Self-Healing Events
────────────────────────────────────────────────────────────────────────────
[14:22:00.430] [Executor] Compiling 41-node DAG → PyQGIS script
[14:22:00.580] [Executor] Script compiled: 3,847 lines, 128,430 chars
[14:22:00.585] [Executor] Launching QGIS subprocess...

[14:22:01.200] [QGIS:subprocess] QGIS 3.44.9 initialized
[14:22:01.210] [QGIS:subprocess] Loading 34 File Geodatabases...

  [... 8 minutes of detailed processing, 4 self-healing events ...]

  Self-Healing Event #1 [14:24:32.100]:
    Error: "FGDB driver cannot open path with Chinese characters"
    Fix: Auto-convert path to short name (8.3 format) for FGDB driver
    Result: RESOLVED in 1 retry

  Self-Healing Event #2 [14:25:48.330]:
    Error: "MemoryError: 280M features exceed in-memory processing limit"
    Fix: Switch to iterator-based processing with 5M feature chunks
    Result: RESOLVED in 1 retry

  Self-Healing Event #3 [14:27:15.870]:
    Error: "TopologyException at province boundary (广东-福建 edge match)"
    Fix: Apply snapToGrid(0.001) to both province boundaries before edge check
    Result: RESOLVED in 2 retries

  Self-Healing Event #4 [14:28:55.420]:
    Error: "AttributeError: 'land_class' field missing in 海南省 schema"
    Fix: Schema mapping: "DLMC" → "land_class" (detected 海南-specific naming)
    Result: RESOLVED in 1 retry

[14:30:10.100] [QGIS:subprocess] Audit complete:
  - Total patches processed: 278,421,337
  - Topology errors detected: 12,847
  - Auto-repaired: 9,832 (76.5%)
  - Attribute errors: 3,421 (all auto-corrected)
  - Area closure: PASS (99.998% ± 0.0008%)
  - Edge match error: 1,247 locations (0.004% of boundary length)
  - Overall audit score: 97.3/100

[14:30:15.200] [Executor] Subprocess exited with code 0
[14:30:15.210] [Executor] Output: 34 audit reports, 1 national summary
[14:30:15.220] [Executor] Token cost: 4,428,000 tokens

────────────────────────────────────────────────────────────────────────────
  [Orchestrator] Finalization
────────────────────────────────────────────────────────────────────────────
[14:30:15.230] [Orchestrator] Token Report:

  Architect:     2,847,000  (32.6%)
  Environment:     845,000  ( 9.7%)
  Executor:       4,428,000 (50.6%)
  Orchestrator:     622,603  ( 7.1%)
  ─────────────────────────────────────
  TOTAL:          8,742,603  (100%)

[14:30:15.250] [Orchestrator] Session goc-20260428-1422-c8d2 CLOSED
================================================================================
