================================================================================
  Geo-OpenClaw Agent Session Log
  Session ID:    goc-20260501-0930-a7f3
  Timestamp:     2026-05-01 09:30:00 CST
  Duration:      00:03:42.847
  Total Tokens:  5,213,847
  Status:        SUCCESS
================================================================================

[09:30:00.001] [Orchestrator] Session initialized
[09:30:00.003] [Orchestrator] Task received: "对 D:/data/landsat_2025/ 目录下
  100 景 Landsat-8 Collection-2 Level-2 影像进行批量预处理：大气校正验证、云掩膜、
  重投影到 EPSG:3857、按中国省级行政区划边界裁剪、计算 NDVI、按省份分区统计均值，
  输出 GeoPackage 和 CSV 报告"

[09:30:00.015] [Orchestrator] Dispatching to Architect Agent...

────────────────────────────────────────────────────────────────────────────
  [Architect Agent] Phase 1: Intent Parsing
────────────────────────────────────────────────────────────────────────────
[09:30:00.018] [Architect] Starting Chain-of-Thought reasoning...
[09:30:00.020] [Architect] Tokenized input: 187 chars → 43 tokens
[09:30:00.025] [Architect] Detected entities:
  - Data source: Landsat-8 C2 L2 (100 scenes)
  - Operations: atmospheric_verify, cloud_mask, reproject, clip, ndvi, zonal_stats
  - Target CRS: EPSG:3857
  - Mask: 中国省级行政区划
  - Output: GeoPackage + CSV
[09:30:00.031] [Architect] Resolving spatial constraints...
  - China provincial boundaries: identified 34 administrative regions
  - Data volume: 100 scenes × ~950 MB each = ~95 GB total
  - Estimated processing nodes: 23

[09:30:00.048] [Architect] Phase 2: Workflow DAG Decomposition
[09:30:00.050] [Architect] Generated DAG with 23 nodes:
  N001  ─┬─  scene_discovery          (discover TIFFs)
  N002  ─┬─  metadata_extract         (read MTL for each scene)
  N003  ─┬─  cloud_mask_validate      (verify QA_PIXEL band)
  N004  ─┼─  atmospheric_check        (SR validation per scene)
  N005  ─┼─  crs_detect               (auto-detect source CRS)
  N006  ─┼─  reproject_batch          (→ EPSG:3857, bilinear)
  N007  ─┼─  boundary_load            (load China provinces)
  N008  ─┼─  boundary_validate        (check topology)
  N009  ─┼─  spatial_index_build      (R-tree for provinces)
  N010  ─┼─  clip_batch               (100 scenes × 34 provinces)
  N011  ─┼─  ndvi_calculate           (NIR - RED) / (NIR + RED)
  N012  ─┼─  ndvi_reclassify          (5-class vegetation index)
  N013  ─┼─  zonal_stats_compute      (mean, stddev, min, max, p95)
  N014  ─┼─  stats_aggregate          (per province)
  N015  ─┼─  time_series_align        (temporal ordering)
  N016  ─┼─  gpkg_export              (GeoPackage with layers)
  N017  ─┼─  csv_export               (summary statistics)
  N018  ─┼─  mask_outliers            (statistical outlier removal)
  N019  ─┼─  coverage_gap_detect      (scene overlap analysis)
  N020  ─┼─  qa_report_generate       (quality assurance report)
  N021  ─┼─  output_validate          (hash + feature count check)
  N022  ─┼─  provenance_log           (full lineage record)
  N023  ─┴─  finalize                 (cleanup + summary)

[09:30:00.125] [Architect] Dependency graph validation: PASS (no cycles)
[09:30:00.128] [Architect] Topological order: PASS (23/23 ordered)
[09:30:00.130] [Architect] Token cost estimation:
  - Input parsing:              43 tokens
  - Entity extraction:         350 tokens
  - DAG generation (23 nodes): 1,845 tokens
  - Parameter inference:        680 tokens
  - Validation logic:           420 tokens
  - Dependency resolution:      280 tokens
  - Total (Architect):          3,618 tokens (prompt) + 1,821,382 tokens (completion)
  ─────────────────────────────────────────
  Architect Agent Subtotal:    1,825,000 tokens

[09:30:00.135] [Architect] Plan published to Orchestrator

────────────────────────────────────────────────────────────────────────────
  [Environment Agent] Phase 3: Environment Perception & Configuration
────────────────────────────────────────────────────────────────────────────
[09:30:00.140] [Environment] Scanning for QGIS installation...
[09:30:00.145] [Environment] Method 1: OSGEO4W_ROOT= (not set)
[09:30:00.148] [Environment] Method 2: Registry scan...
[09:30:00.152] [Environment]   HKLM\SOFTWARE\QGIS → C:\Program Files\QGIS 3.44.9
[09:30:00.155] [Environment] QGIS root verified: C:\Program Files\QGIS 3.44.9
[09:30:00.158] [Environment] Building runtime environment...
[09:30:00.160] [Environment]   PYTHONHOME  = C:\Program Files\QGIS 3.44.9\apps\Python312
[09:30:00.162] [Environment]   PYTHONPATH  = C:\Program Files\QGIS 3.44.9\apps\qgis-ltr\python
[09:30:00.165] [Environment]   PROJ_DATA   = C:\Program Files\QGIS 3.44.9\share\proj
[09:30:00.168] [Environment]   QT_PLUGINS  = C:\Program Files\QGIS 3.44.9\apps\Qt5\plugins
[09:30:00.170] [Environment]   GDAL_DATA   = C:\Program Files\QGIS 3.44.9\share\gdal

[09:30:00.185] [Environment] Dependency health check matrix:
  ✓ qgis.core          3.44.9    (critical)
  ✓ qgis.analysis      3.44.9    (critical)
  ✓ osgeo.gdal         3.12.3    (critical)
  ✓ osgeo.ogr          3.12.3    (critical)
  ✓ osgeo.osr          (PROJ)    (critical)
  ✓ geopandas          1.0.1     (optional)
  ✓ shapely            2.1.0     (critical)
  ✓ numpy              2.2.5     (critical)
  ✗ fiona              NOT FOUND (optional → fallback: ogr)
  ✓ pyproj             3.8.0     (optional)

[09:30:00.210] [Environment] All critical dependencies: PASS (8/8)
[09:30:00.212] [Environment] Optional dependencies: 3/4 (fiona missing, fallback available)
[09:30:00.215] [Environment] Environment context size: 2.4 KB
[09:30:00.218] [Environment] Token cost: 520,000 tokens
[09:30:00.220] [Environment] Context published to Orchestrator

────────────────────────────────────────────────────────────────────────────
  [Executor Agent] Phase 4: Script Compilation & Injection
────────────────────────────────────────────────────────────────────────────
[09:30:00.225] [Executor] Compiling 23-node DAG into PyQGIS script...
[09:30:00.230] [Executor] Script size breakdown:
  - Header (imports + init):     87 lines
  - N001 scene_discovery:        42 lines
  - N002 metadata_extract:       68 lines
  - N003 cloud_mask_validate:    53 lines
  - N004 atmospheric_check:      71 lines
  - N005 crs_detect:             38 lines
  - N006 reproject_batch:       124 lines
  - N007 boundary_load:          29 lines
  - N008 boundary_validate:      45 lines
  - N009 spatial_index_build:    32 lines
  - N010 clip_batch:            186 lines
  - N011 ndvi_calculate:         58 lines
  - N012 ndvi_reclassify:        47 lines
  - N013 zonal_stats_compute:    94 lines
  - N014 stats_aggregate:        63 lines
  - N015 time_series_align:      51 lines
  - N016 gpkg_export:            72 lines
  - N017 csv_export:             44 lines
  - N018 mask_outliers:          39 lines
  - N019 coverage_gap_detect:    56 lines
  - N020 qa_report_generate:     88 lines
  - N021 output_validate:        41 lines
  - N022 provenance_log:         35 lines
  - N023 finalize:               22 lines
  - Footer (cleanup + report):   32 lines
  ─────────────────────────────────────
  Total:                       1,516 lines
  Characters:                  47,382

[09:30:00.350] [Executor] Script compiled successfully
[09:30:00.352] [Executor] Token cost (compilation): 1,035,000 tokens

[09:30:00.355] [Executor] Phase 5: QGIS Subprocess Injection
[09:30:00.358] [Executor] Launching QGIS Python subprocess...
[09:30:00.360] [Executor] PYTHONHOME=C:\Program Files\QGIS 3.44.9\apps\Python312
[09:30:00.362] [Executor] Subprocess PID: 28476

[09:30:01.125] [QGIS:subprocess] QGIS 3.44.9 initialized (no GUI)
[09:30:01.130] [QGIS:subprocess] [N001] scene_discovery: Found 100 TIFFs in D:/data/landsat_2025/
[09:30:01.380] [QGIS:subprocess] [N002] metadata_extract: Processing 100 MTL files...
[09:30:02.540] [QGIS:subprocess] [N002] Complete: 100/100 metadata extracted
[09:30:02.550] [QGIS:subprocess] [N003] cloud_mask_validate: QA_PIXEL band present in all scenes
[09:30:02.730] [QGIS:subprocess] [N004] atmospheric_check: SR values in valid range [0, 10000]
[09:30:02.745] [QGIS:subprocess] [N005] crs_detect: All scenes WGS84 (EPSG:4326)
[09:30:02.750] [QGIS:subprocess] [N006] reproject_batch: Warping 100 scenes → EPSG:3857 (bilinear)...
[09:30:33.100] [QGIS:subprocess] [N006] Complete: 100/100 reprojected (30.35s)
[09:30:33.250] [QGIS:subprocess] [N007] boundary_load: Loaded 34 provinces (China)
[09:30:33.310] [QGIS:subprocess] [N008] boundary_validate: Topology check PASS (0 invalid geometries)
[09:30:33.450] [QGIS:subprocess] [N009] spatial_index_build: R-tree built (34 polygons)
[09:30:33.460] [QGIS:subprocess] [N010] clip_batch: Clipping 100 scenes × 34 provinces...

────────────────────────────────────────────────────────────────────────────
  !! [Self-Healing] Retry #1 triggered at 09:31:02.340
────────────────────────────────────────────────────────────────────────────
[09:31:02.340] [QGIS:subprocess] ERROR at N010 (scene 47, province 广东省):
  "TopologyException: side location conflict at 113.45 23.12"
[09:31:02.345] [FeedbackLoop] Error captured, classifying...
[09:31:02.348] [ErrorParser] Diagnosis:
  Category:   geometry_invalid
  Confidence: 0.91
  Extract:    province="广东省", scene=47
  Fix:        Applying geom.makeValid() to boundary before clip
[09:31:02.355] [FeedbackLoop] Healed script: inserted makeValid() call at N010
[09:31:02.358] [FeedbackLoop] Re-injecting healed script...

[09:31:02.360] [QGIS:subprocess] [N010] retry: clip_batch (scene 47, 广东省)...
[09:31:03.140] [QGIS:subprocess] [N010] retry: PASS (geometry fixed)

────────────────────────────────────────────────────────────────────────────
  !! [Self-Healing] Retry #2 triggered at 09:31:15.870
────────────────────────────────────────────────────────────────────────────
[09:31:15.870] [QGIS:subprocess] ERROR at N010 (scene 82, province 海南省):
  "PROJ: webmerc: Invalid latitude" (coordinate order swapped)
[09:31:15.875] [FeedbackLoop] Error captured, classifying...
[09:31:15.880] [ErrorParser] Diagnosis:
  Category:   proj_error
  Confidence: 0.88
  Extract:    lat/lon → lon/lat swap in CRS definition
  Fix:        Reordering coordinate input for 海南省 (southernmost province)
[09:31:15.888] [FeedbackLoop] Healed script: added coord_order_fix at N010
[09:31:15.892] [FeedbackLoop] Re-injecting healed script...

[09:31:15.895] [QGIS:subprocess] [N010] retry: clip_batch (scene 82, 海南省)...
[09:31:16.340] [QGIS:subprocess] [N010] retry: PASS (coordinate order corrected)

[09:31:30.200] [QGIS:subprocess] [N010] Complete: 3400 clip operations (100 × 34)
[09:31:32.100] [QGIS:subprocess] [N011] ndvi_calculate: Processing 3400 clipped rasters...
[09:31:58.450] [QGIS:subprocess] [N011] Complete: 3400 NDVI rasters generated
[09:31:58.480] [QGIS:subprocess] [N012] ndvi_reclassify: 5-class classification
[09:32:12.330] [QGIS:subprocess] [N012] Complete: 3400 reclassified
[09:32:12.350] [QGIS:subprocess] [N013] zonal_stats_compute: Per-province statistics...

────────────────────────────────────────────────────────────────────────────
  !! [Self-Healing] Retry #3 triggered at 09:32:28.110
────────────────────────────────────────────────────────────────────────────
[09:32:28.110] [QGIS:subprocess] ERROR at N013 (province 新疆维吾尔自治区):
  "MemoryError: Cannot allocate 3.2 GB for raster stats"
[09:32:28.115] [FeedbackLoop] Error captured, classifying...
[09:32:28.120] [ErrorParser] Diagnosis:
  Category:   memory_exhausted
  Confidence: 0.94
  Extract:    province="新疆维吾尔自治区" (largest province, 1.66M km²)
  Fix:        Enable block-based processing with 512×512 tiles
[09:32:28.128] [FeedbackLoop] Healed script: added blockSize=512 to N013
[09:32:28.132] [FeedbackLoop] Re-injecting healed script...

[09:32:28.135] [QGIS:subprocess] [N013] retry: zonal_stats (新疆, blocked 512×512)...
[09:32:38.450] [QGIS:subprocess] [N013] retry: PASS (memory optimization applied)

[09:32:55.730] [QGIS:subprocess] [N013] Complete: 34 provinces × 5 stats
[09:32:55.750] [QGIS:subprocess] [N014] stats_aggregate: Aggregating...
[09:32:56.120] [QGIS:subprocess] [N014] Complete
[09:32:56.130] [QGIS:subprocess] [N015] time_series_align: Sorting by acquisition date
[09:32:56.380] [QGIS:subprocess] [N015] Complete: 100 temporal positions
[09:32:56.390] [QGIS:subprocess] [N016] gpkg_export: Writing GeoPackage...
[09:33:12.540] [QGIS:subprocess] [N016] Complete: 4 layers, 48.3 MB
[09:33:12.550] [QGIS:subprocess] [N017] csv_export: Writing summary CSV...
[09:33:13.100] [QGIS:subprocess] [N017] Complete: 3,400 rows, 1.2 MB
[09:33:13.110] [QGIS:subprocess] [N018] mask_outliers: 127 outliers removed
[09:33:13.450] [QGIS:subprocess] [N019] coverage_gap_detect: 2.3% gap (Tibet border)
[09:33:13.720] [QGIS:subprocess] [N020] qa_report_generate: QA score 94.7%
[09:33:14.100] [QGIS:subprocess] [N021] output_validate:
  ✓ gpkg hash: a3f7b9c1... OK
  ✓ csv hash:  d8e2f4a6... OK
  ✓ feature_count: 3400/3400 PASS
[09:33:14.200] [QGIS:subprocess] [N022] provenance_log: Full lineage recorded
[09:33:14.250] [QGIS:subprocess] [N023] finalize: Cleanup + summary

[09:33:20.100] [QGIS:subprocess] ========================================
[09:33:20.100] [QGIS:subprocess]   EXECUTION COMPLETE
[09:33:20.100] [QGIS:subprocess]   Total time: 2m 18.7s
[09:33:20.100] [QGIS:subprocess]   Nodes executed: 23/23
[09:33:20.100] [QGIS:subprocess]   Self-Healing events: 3 (all resolved)
[09:33:20.100] [QGIS:subprocess]   Output files: 2 (gpkg + csv)
[09:33:20.100] [QGIS:subprocess] ========================================

[09:33:20.150] [Executor] Subprocess exited with code 0
[09:33:20.152] [Executor] Output verification:
  ✓ D:/output/landsat_china_ndvi_2026.gpkg (48.3 MB, sha256: a3f7b9c1...)
  ✓ D:/output/landsat_china_stats_2026.csv (1.2 MB, sha256: d8e2f4a6...)

[09:33:20.160] [Executor] Token cost (execution + feedback):
  - Script compilation:    1,035,000 tokens
  - Self-Healing R1:          95,000 tokens
  - Self-Healing R2:          82,000 tokens
  - Self-Healing R3:         110,000 tokens
  - Output verification:      75,000 tokens
  - Executor Subtotal:     1,397,000 tokens

────────────────────────────────────────────────────────────────────────────
  [Orchestrator] Phase 5: Session Finalization
────────────────────────────────────────────────────────────────────────────
[09:33:20.165] [Orchestrator] Computing token report...

  ╔══════════════════════════════════════════════════════════════╗
  ║              Geo-OpenClaw Token Consumption Report          ║
  ╠══════════════════════════════════════════════════════════════╣
  ║  Architect Agent     ██████████████████████████████  35.0%  ║
  ║  Environment Agent   ██████████                      10.0%  ║
  ║  Executor Agent      ██████████████████████████      26.8%  ║
  ║  Feedback Loop       ██████                           5.5%  ║
  ║  Orchestrator        ████████████                    11.9%  ║
  ║  Context Management  ██████████                      10.8%  ║
  ╠══════════════════════════════════════════════════════════════╣
  ║  TOTAL               5,213,847 tokens               100.0%  ║
  ╚══════════════════════════════════════════════════════════════╝

[09:33:20.180] [Orchestrator] Session summary:
  Duration:        3m 42.8s
  Task:            100-scene Landsat batch processing
  Nodes:           23 DAG nodes
  Self-Healing:    3 events (100% resolved)
  Output:          2 files (49.5 MB total)
  Success:         TRUE

[09:33:20.200] [Orchestrator] Session goc-20260501-0930-a7f3 CLOSED
================================================================================
